TN:
SF:src/components/ContactForm/ContactForm.tsx
FN:29,ContactForm
FN:42,(anonymous_1)
FN:43,(anonymous_2)
FN:44,(anonymous_3)
FN:55,(anonymous_4)
FN:56,(anonymous_5)
FN:57,(anonymous_6)
FN:61,(anonymous_7)
FN:71,onError
FN:76,onFinish
FN:86,onSubmit
FN:120,handleNextStep
FN:124,(anonymous_12)
FN:126,handleConcludeForm
FN:130,handlePreviousStep
FN:139,(anonymous_15)
FN:209,(anonymous_16)
FN:246,(anonymous_17)
FNF:18
FNH:17
FNDA:28,ContactForm
FNDA:2,(anonymous_1)
FNDA:2,(anonymous_2)
FNDA:2,(anonymous_3)
FNDA:1,(anonymous_4)
FNDA:1,(anonymous_5)
FNDA:1,(anonymous_6)
FNDA:1,(anonymous_7)
FNDA:0,onError
FNDA:3,onFinish
FNDA:3,onSubmit
FNDA:7,handleNextStep
FNDA:7,(anonymous_12)
FNDA:3,handleConcludeForm
FNDA:3,handlePreviousStep
FNDA:1,(anonymous_15)
FNDA:8,(anonymous_16)
FNDA:3,(anonymous_17)
DA:30,28
DA:31,28
DA:32,28
DA:33,28
DA:34,28
DA:35,28
DA:36,28
DA:41,28
DA:42,2
DA:44,2
DA:49,2
DA:54,28
DA:55,1
DA:57,1
DA:58,1
DA:59,0
DA:61,1
DA:62,1
DA:66,1
DA:72,0
DA:73,0
DA:78,3
DA:81,3
DA:82,3
DA:83,3
DA:87,3
DA:110,3
DA:111,2
DA:112,2
DA:114,1
DA:115,1
DA:116,1
DA:121,7
DA:122,0
DA:124,7
DA:127,3
DA:128,3
DA:131,3
DA:132,1
DA:133,1
DA:135,2
DA:136,1
DA:137,1
DA:139,1
DA:146,28
DA:150,28
DA:165,28
DA:209,28
DA:210,8
DA:211,3
DA:226,3
DA:227,3
DA:235,28
DA:246,3
LF:54
LH:50
BRDA:30,0,0,13
BRDA:30,0,1,15
BRDA:45,1,0,2
BRDA:45,1,1,1
BRDA:58,2,0,0
BRDA:58,2,1,1
BRDA:62,3,0,0
BRDA:62,3,1,1
BRDA:78,4,0,2
BRDA:78,4,1,1
BRDA:88,5,0,2
BRDA:88,5,1,1
BRDA:110,6,0,2
BRDA:110,6,1,1
BRDA:114,7,0,1
BRDA:114,7,1,0
BRDA:121,8,0,0
BRDA:121,8,1,7
BRDA:131,9,0,1
BRDA:131,9,1,2
BRDA:131,10,0,3
BRDA:131,10,1,2
BRDA:135,11,0,1
BRDA:135,11,1,1
BRDA:135,12,0,2
BRDA:135,12,1,1
BRDA:147,13,0,12
BRDA:147,13,1,16
BRDA:174,14,0,28
BRDA:174,14,1,26
BRDA:187,15,0,28
BRDA:187,15,1,26
BRDA:202,16,0,28
BRDA:202,16,1,26
BRDA:210,17,0,3
BRDA:210,17,1,5
BRDA:226,18,0,3
BRDA:226,18,1,0
BRDA:226,19,0,3
BRDA:226,19,1,3
BRDA:237,20,0,15
BRDA:237,20,1,13
BRDA:242,21,0,28
BRDA:242,21,1,13
BRDA:248,22,0,15
BRDA:248,22,1,13
BRF:46
BRH:41
end_of_record
TN:
SF:src/components/ContactForm/Steps/AddressFormStep.tsx
FN:37,AddressFormStep
FN:48,onMapClick
FNF:2
FNH:1
FNDA:4,AddressFormStep
FNDA:0,onMapClick
DA:49,0
DA:50,0
DA:52,0
DA:53,0
DA:57,4
LF:5
LH:1
BRDA:52,0,0,0
BRDA:52,0,1,0
BRDA:52,1,0,0
BRDA:52,1,1,0
BRF:4
BRH:0
end_of_record
TN:
SF:src/components/ContactForm/Steps/CompanyFormStep.tsx
FN:22,CompanyFormStep
FNF:1
FNH:1
FNDA:11,CompanyFormStep
DA:31,11
LF:1
LH:1
BRF:0
BRH:0
end_of_record
TN:
SF:src/components/ContactForm/Steps/PersonalInfoFormStep.tsx
FN:21,PersonalInfoFormStep
FNF:1
FNH:1
FNDA:12,PersonalInfoFormStep
DA:30,12
LF:1
LH:1
BRF:0
BRH:0
end_of_record
TN:
SF:src/components/FloatingActionButton/styles.ts
FN:36,(anonymous_0)
FN:51,(anonymous_1)
FNF:2
FNH:2
FNDA:20,(anonymous_0)
FNDA:20,(anonymous_1)
DA:3,4
DA:12,4
DA:36,20
DA:39,4
DA:48,4
DA:51,20
LF:6
LH:6
BRF:0
BRH:0
end_of_record
TN:
SF:src/components/Layout/Layout.tsx
FN:7,MainLayout
FNF:1
FNH:1
FNDA:1,MainLayout
DA:8,1
DA:10,1
LF:2
LH:2
BRF:0
BRH:0
end_of_record
TN:
SF:src/components/Map/Map.tsx
FN:14,MapComponent
FN:26,(anonymous_1)
FN:36,handleFitBounds
FN:46,callback
FN:74,callback
FN:78,handleMapClick
FN:90,(anonymous_6)
FN:123,(anonymous_7)
FNF:8
FNH:3
FNDA:8,MapComponent
FNDA:2,(anonymous_1)
FNDA:0,handleFitBounds
FNDA:0,callback
FNDA:0,callback
FNDA:0,handleMapClick
FNDA:6,(anonymous_6)
FNDA:0,(anonymous_7)
DA:20,8
DA:25,8
DA:26,2
DA:29,8
DA:30,8
DA:34,8
DA:37,0
DA:38,0
DA:39,0
DA:44,0
DA:46,8
DA:47,0
DA:49,0
DA:50,0
DA:52,0
DA:62,0
DA:64,0
DA:65,0
DA:68,0
DA:69,0
DA:71,0
DA:74,8
DA:75,0
DA:79,0
DA:80,0
DA:81,0
DA:82,0
DA:84,0
DA:90,8
DA:91,6
DA:94,8
DA:124,0
DA:137,8
LF:33
LH:12
BRDA:16,0,0,1
BRDA:22,1,0,8
BRDA:22,1,1,8
BRDA:26,2,0,2
BRDA:26,2,1,2
BRDA:49,3,0,0
BRDA:49,3,1,0
BRDA:49,4,0,0
BRDA:49,4,1,0
BRDA:54,5,0,0
BRDA:54,5,1,0
BRDA:58,6,0,0
BRDA:58,6,1,0
BRDA:64,7,0,0
BRDA:64,7,1,0
BRDA:68,8,0,0
BRDA:68,8,1,0
BRDA:79,9,0,0
BRDA:79,9,1,0
BRDA:81,10,0,0
BRDA:81,10,1,0
BRDA:94,11,0,0
BRDA:94,11,1,8
BRDA:130,12,0,0
BRDA:130,12,1,0
BRF:25
BRH:6
end_of_record
TN:
SF:src/components/Stepper/Stepper.tsx
FN:9,Stepper
FN:12,(anonymous_1)
FNF:2
FNH:2
FNDA:27,Stepper
FNDA:81,(anonymous_1)
DA:10,27
DA:13,81
LF:2
LH:2
BRDA:29,0,0,53
BRDA:29,0,1,28
BRDA:30,1,0,27
BRDA:30,1,1,54
BRDA:32,2,0,53
BRDA:32,2,1,28
BRDA:45,3,0,53
BRDA:45,3,1,28
BRDA:45,4,0,81
BRDA:45,4,1,54
BRDA:62,5,0,26
BRDA:62,5,1,55
BRDA:64,6,0,28
BRDA:64,6,1,27
BRDA:74,7,0,26
BRDA:74,7,1,55
BRDA:78,8,0,27
BRDA:78,8,1,54
BRDA:79,9,0,27
BRDA:79,9,1,54
BRDA:91,10,0,27
BRDA:91,10,1,54
BRF:22
BRH:22
end_of_record
TN:
SF:src/components/Tab/styles.ts
FN:27,(anonymous_0)
FN:32,(anonymous_1)
FNF:2
FNH:2
FNDA:9,(anonymous_0)
FNDA:9,(anonymous_1)
DA:4,1
DA:10,1
DA:22,1
DA:27,9
DA:33,9
LF:5
LH:5
BRDA:33,0,0,3
BRDA:33,0,1,6
BRF:2
BRH:2
end_of_record
TN:
SF:src/domains/Contact/View/ContactAddrees.tsx
FN:6,ContactAddrees
FNF:1
FNH:1
FNDA:1,ContactAddrees
DA:7,1
LF:1
LH:1
BRDA:27,0,0,1
BRDA:27,0,1,0
BRDA:33,1,0,1
BRDA:33,1,1,0
BRDA:39,2,0,1
BRDA:39,2,1,0
BRDA:45,3,0,1
BRDA:45,3,1,0
BRDA:51,4,0,1
BRDA:51,4,1,1
BRDA:51,4,2,1
BRF:11
BRH:7
end_of_record
TN:
SF:src/domains/Contact/View/ContactCompany.tsx
FN:5,ContactCompany
FNF:1
FNH:0
FNDA:0,ContactCompany
DA:6,0
LF:1
LH:0
BRDA:22,0,0,0
BRDA:22,0,1,0
BRDA:27,1,0,0
BRDA:27,1,1,0
BRDA:32,2,0,0
BRDA:32,2,1,0
BRF:6
BRH:0
end_of_record
TN:
SF:src/domains/Contact/View/ContactData.tsx
FN:5,ContactData
FNF:1
FNH:1
FNDA:3,ContactData
DA:6,3
LF:1
LH:1
BRDA:22,0,0,3
BRDA:22,0,1,0
BRDA:26,1,0,3
BRDA:26,1,1,0
BRDA:30,2,0,3
BRDA:30,2,1,0
BRDA:34,3,0,3
BRDA:34,3,1,0
BRF:8
BRH:4
end_of_record
TN:
SF:src/domains/Contact/View/View.tsx
FN:21,ViewContact
FN:27,(anonymous_1)
FN:36,(anonymous_2)
FN:37,(anonymous_3)
FN:41,(anonymous_4)
FN:42,(anonymous_5)
FN:47,(anonymous_6)
FN:68,(anonymous_7)
FN:77,(anonymous_8)
FN:88,(anonymous_9)
FN:97,(anonymous_10)
FNF:11
FNH:8
FNDA:8,ViewContact
FNDA:1,(anonymous_1)
FNDA:1,(anonymous_2)
FNDA:1,(anonymous_3)
FNDA:1,(anonymous_4)
FNDA:10,(anonymous_5)
FNDA:0,(anonymous_6)
FNDA:0,(anonymous_7)
FNDA:1,(anonymous_8)
FNDA:0,(anonymous_9)
FNDA:1,(anonymous_10)
DA:22,8
DA:23,8
DA:25,8
DA:27,8
DA:28,1
DA:31,8
DA:32,8
DA:33,8
DA:35,8
DA:36,1
DA:38,1
DA:39,1
DA:42,10
DA:45,1
DA:47,0
DA:49,8
DA:50,1
DA:51,1
DA:52,1
DA:55,7
DA:60,7
DA:68,0
DA:77,1
DA:80,7
DA:88,0
DA:97,1
LF:26
LH:23
BRDA:42,0,0,1
BRDA:42,0,1,0
BRDA:49,1,0,1
BRDA:49,1,1,7
BRDA:82,2,0,3
BRDA:82,2,1,4
BRDA:82,3,0,7
BRDA:82,3,1,5
BRF:8
BRH:7
end_of_record
TN:
SF:src/domains/Map/View/View.tsx
FN:8,MapView
FN:11,handleFetch
FN:20,(anonymous_2)
FNF:3
FNH:3
FNDA:1,MapView
FNDA:1,handleFetch
FNDA:1,(anonymous_2)
DA:9,1
DA:12,1
DA:13,1
DA:14,0
DA:16,1
DA:18,1
DA:20,1
DA:24,1
LF:8
LH:7
BRDA:13,0,0,0
BRDA:13,0,1,1
BRDA:26,1,0,1
BRDA:26,1,1,0
BRF:4
BRH:2
end_of_record
TN:
SF:src/domains/Map/View/styles.ts
FNF:0
FNH:0
DA:3,1
LF:1
LH:1
BRF:0
BRH:0
end_of_record
TN:
SF:src/domains/PageNotFound/styles.ts
FNF:0
FNH:0
DA:3,1
DA:12,1
LF:2
LH:2
BRF:0
BRH:0
end_of_record
TN:
SF:src/services/queries/fetchContacts.ts
FN:5,fetchContacts
FN:9,(anonymous_1)
FNF:2
FNH:2
FNDA:6,fetchContacts
FNDA:5,(anonymous_1)
DA:6,6
DA:7,6
DA:9,5
LF:3
LH:3
BRF:0
BRH:0
end_of_record
TN:
SF:src/utils/tests/TestProviders.tsx
FN:12,TestProviders
FNF:1
FNH:1
FNDA:25,TestProviders
DA:10,12
DA:13,25
LF:2
LH:2
BRF:0
BRH:0
end_of_record
