TN:
SF:src/components/Avatar/Avatar.tsx
FN:9,Avatar
FNF:1
FNH:1
FNDA:116,Avatar
DA:10,116
DA:12,116
LF:2
LH:2
BRDA:9,0,0,2
BRF:1
BRH:1
end_of_record
TN:
SF:src/components/Button/Button.tsx
FN:9,Button
FNF:1
FNH:1
FNDA:80,Button
DA:10,80
LF:1
LH:1
BRF:0
BRH:0
end_of_record
TN:
SF:src/components/ContactCard/ContactCard.tsx
FN:11,ContactCard
FN:14,(anonymous_1)
FNF:2
FNH:2
FNDA:111,ContactCard
FNDA:1,(anonymous_1)
DA:12,111
DA:14,1
LF:2
LH:2
BRF:0
BRH:0
end_of_record
TN:
SF:src/components/ContactForm/ActionButtons.tsx
FN:9,ActionButtons
FNF:1
FNH:1
FNDA:27,ActionButtons
DA:14,27
LF:1
LH:1
BRDA:23,0,0,12
BRDA:23,0,1,15
BRDA:24,1,0,12
BRDA:24,1,1,15
BRDA:32,2,0,16
BRDA:32,2,1,11
BRDA:33,3,0,16
BRDA:33,3,1,11
BRF:8
BRH:8
end_of_record
TN:
SF:src/components/ContactForm/ContactForm.tsx
FN:29,ContactForm
FN:42,(anonymous_1)
FN:43,(anonymous_2)
FN:44,(anonymous_3)
FN:55,(anonymous_4)
FN:56,(anonymous_5)
FN:57,(anonymous_6)
FN:61,(anonymous_7)
FN:71,onError
FN:76,onFinish
FN:86,onSubmit
FN:120,handleNextStep
FN:124,(anonymous_12)
FN:126,handleConcludeForm
FN:130,handlePreviousStep
FN:139,(anonymous_15)
FN:209,(anonymous_16)
FN:246,(anonymous_17)
FNF:18
FNH:17
FNDA:28,ContactForm
FNDA:2,(anonymous_1)
FNDA:2,(anonymous_2)
FNDA:2,(anonymous_3)
FNDA:1,(anonymous_4)
FNDA:1,(anonymous_5)
FNDA:1,(anonymous_6)
FNDA:1,(anonymous_7)
FNDA:0,onError
FNDA:3,onFinish
FNDA:3,onSubmit
FNDA:7,handleNextStep
FNDA:7,(anonymous_12)
FNDA:3,handleConcludeForm
FNDA:3,handlePreviousStep
FNDA:1,(anonymous_15)
FNDA:8,(anonymous_16)
FNDA:3,(anonymous_17)
DA:30,28
DA:31,28
DA:32,28
DA:33,28
DA:34,28
DA:35,28
DA:36,28
DA:41,28
DA:42,2
DA:44,2
DA:49,2
DA:54,28
DA:55,1
DA:57,1
DA:58,1
DA:59,0
DA:61,1
DA:62,1
DA:66,1
DA:72,0
DA:73,0
DA:78,3
DA:81,3
DA:82,3
DA:83,3
DA:87,3
DA:110,3
DA:111,2
DA:112,2
DA:114,1
DA:115,1
DA:116,1
DA:121,7
DA:122,0
DA:124,7
DA:127,3
DA:128,3
DA:131,3
DA:132,1
DA:133,1
DA:135,2
DA:136,1
DA:137,1
DA:139,1
DA:146,28
DA:150,28
DA:165,28
DA:209,28
DA:210,8
DA:211,3
DA:226,3
DA:227,3
DA:235,28
DA:246,3
LF:54
LH:50
BRDA:30,0,0,13
BRDA:30,0,1,15
BRDA:45,1,0,2
BRDA:45,1,1,1
BRDA:58,2,0,0
BRDA:58,2,1,1
BRDA:62,3,0,0
BRDA:62,3,1,1
BRDA:78,4,0,2
BRDA:78,4,1,1
BRDA:88,5,0,2
BRDA:88,5,1,1
BRDA:110,6,0,2
BRDA:110,6,1,1
BRDA:114,7,0,1
BRDA:114,7,1,0
BRDA:121,8,0,0
BRDA:121,8,1,7
BRDA:131,9,0,1
BRDA:131,9,1,2
BRDA:131,10,0,3
BRDA:131,10,1,2
BRDA:135,11,0,1
BRDA:135,11,1,1
BRDA:135,12,0,2
BRDA:135,12,1,1
BRDA:147,13,0,12
BRDA:147,13,1,16
BRDA:174,14,0,28
BRDA:174,14,1,26
BRDA:187,15,0,28
BRDA:187,15,1,26
BRDA:202,16,0,28
BRDA:202,16,1,26
BRDA:210,17,0,3
BRDA:210,17,1,5
BRDA:226,18,0,3
BRDA:226,18,1,0
BRDA:226,19,0,3
BRDA:226,19,1,3
BRDA:237,20,0,15
BRDA:237,20,1,13
BRDA:242,21,0,28
BRDA:242,21,1,13
BRDA:248,22,0,15
BRDA:248,22,1,13
BRF:46
BRH:41
end_of_record
TN:
SF:src/components/ContactForm/type.ts
FNF:0
FNH:0
LF:0
LH:0
BRF:0
BRH:0
end_of_record
TN:
SF:src/components/ContactForm/Steps/AddressFromStep.tsx
FN:37,AddressFromStep
FN:48,onMapClick
FNF:2
FNH:1
FNDA:4,AddressFromStep
FNDA:0,onMapClick
DA:49,0
DA:50,0
DA:52,0
DA:53,0
DA:57,4
LF:5
LH:1
BRDA:52,0,0,0
BRDA:52,0,1,0
BRDA:52,1,0,0
BRDA:52,1,1,0
BRF:4
BRH:0
end_of_record
TN:
SF:src/components/ContactForm/Steps/CompanyFromStep.tsx
FN:22,CompanyFromStep
FNF:1
FNH:1
FNDA:11,CompanyFromStep
DA:31,11
LF:1
LH:1
BRF:0
BRH:0
end_of_record
TN:
SF:src/components/ContactForm/Steps/PersonalInfoFormStep.tsx
FN:21,PersonalInfoFormStep
FNF:1
FNH:1
FNDA:12,PersonalInfoFormStep
DA:30,12
LF:1
LH:1
BRF:0
BRH:0
end_of_record
TN:
SF:src/components/Dropdown/Dropdown.tsx
FN:9,Dropdown
FN:20,(anonymous_1)
FN:23,(anonymous_2)
FNF:3
FNH:3
FNDA:4,Dropdown
FNDA:7,(anonymous_1)
FNDA:1,(anonymous_2)
DA:10,4
DA:21,7
DA:23,1
LF:3
LH:3
BRF:0
BRH:0
end_of_record
TN:
SF:src/components/FloatingActionButton/FloatingActionButton.tsx
FN:7,FloatingActionButton
FN:18,(anonymous_1)
FN:27,handlepath
FN:62,(anonymous_3)
FNF:4
FNH:4
FNDA:20,FloatingActionButton
FNDA:2,(anonymous_1)
FNDA:20,handlepath
FNDA:20,(anonymous_3)
DA:8,20
DA:9,20
DA:10,20
DA:12,20
DA:13,0
DA:15,20
DA:18,2
DA:28,20
DA:37,20
DA:62,20
DA:64,20
DA:65,0
DA:66,0
DA:68,20
DA:70,20
LF:15
LH:12
BRDA:12,0,0,0
BRDA:12,0,1,20
BRDA:12,1,0,20
BRDA:12,1,1,20
BRDA:12,1,2,20
BRDA:64,2,0,0
BRDA:64,2,1,20
BRF:7
BRH:5
end_of_record
TN:
SF:src/components/FloatingActionButton/styles.ts
FN:37,(anonymous_0)
FNF:1
FNH:1
FNDA:20,(anonymous_0)
DA:3,4
DA:12,4
DA:37,20
DA:40,4
DA:49,4
LF:5
LH:5
BRF:0
BRH:0
end_of_record
TN:
SF:src/components/Icons/MapPin.tsx
FN:1,MapPin
FNF:1
FNH:1
FNDA:20,MapPin
DA:2,20
LF:1
LH:1
BRF:0
BRH:0
end_of_record
TN:
SF:src/components/Illustrations/DreamerIllustration.tsx
FN:1,DreamerIllustration
FNF:1
FNH:1
FNDA:1,DreamerIllustration
DA:2,1
LF:1
LH:1
BRF:0
BRH:0
end_of_record
TN:
SF:src/components/Illustrations/PeopleSearchIllustration.tsx
FN:1,PeopleSearchIllustration
FNF:1
FNH:1
FNDA:2,PeopleSearchIllustration
DA:2,2
LF:1
LH:1
BRF:0
BRH:0
end_of_record
TN:
SF:src/components/Input/Input.tsx
FN:27,Input
FN:33,(anonymous_1)
FN:43,(anonymous_2)
FN:53,(anonymous_3)
FNF:4
FNH:4
FNDA:120,Input
FNDA:8,(anonymous_1)
FNDA:129,(anonymous_2)
FNDA:9,(anonymous_3)
DA:33,8
DA:37,120
DA:39,120
DA:44,129
DA:54,9
DA:55,9
LF:6
LH:6
BRDA:32,0,0,111
BRDA:33,1,0,111
BRDA:34,2,0,11
BRDA:50,3,0,129
BRDA:50,3,1,79
BRDA:52,4,0,129
BRDA:52,4,1,79
BRDA:57,5,0,0
BRDA:57,5,1,129
BRF:9
BRH:8
end_of_record
TN:
SF:src/components/Map/ContactInfoWindow.tsx
FN:14,ContactInfoWindow
FN:36,(anonymous_1)
FNF:2
FNH:0
FNDA:0,ContactInfoWindow
FNDA:0,(anonymous_1)
DA:15,0
DA:16,0
DA:36,0
DA:45,9
DA:52,9
DA:57,9
DA:62,9
LF:7
LH:4
BRF:0
BRH:0
end_of_record
TN:
SF:src/components/Map/FormMarker.tsx
FN:10,FormMarker
FNF:1
FNH:1
FNDA:1,FormMarker
DA:11,1
LF:1
LH:1
BRF:0
BRH:0
end_of_record
TN:
SF:src/components/Map/Map.tsx
FN:14,MapComponent
FN:26,(anonymous_1)
FN:36,callback
FN:57,callback
FN:61,handleMapClick
FN:73,(anonymous_5)
FN:106,(anonymous_6)
FNF:7
FNH:3
FNDA:8,MapComponent
FNDA:2,(anonymous_1)
FNDA:0,callback
FNDA:0,callback
FNDA:0,handleMapClick
FNDA:6,(anonymous_5)
FNDA:0,(anonymous_6)
DA:20,8
DA:25,8
DA:26,2
DA:29,8
DA:30,8
DA:34,8
DA:36,8
DA:37,0
DA:38,0
DA:39,0
DA:44,0
DA:45,0
DA:46,0
DA:51,0
DA:53,0
DA:54,0
DA:57,8
DA:58,0
DA:62,0
DA:63,0
DA:64,0
DA:65,0
DA:67,0
DA:73,8
DA:74,6
DA:77,8
DA:107,0
DA:120,8
LF:28
LH:12
BRDA:16,0,0,1
BRDA:22,1,0,8
BRDA:22,1,1,8
BRDA:26,2,0,2
BRDA:26,2,1,2
BRDA:38,3,0,0
BRDA:38,3,1,0
BRDA:44,4,0,0
BRDA:44,4,1,0
BRDA:62,5,0,0
BRDA:62,5,1,0
BRDA:64,6,0,0
BRDA:64,6,1,0
BRDA:77,7,0,0
BRDA:77,7,1,8
BRDA:113,8,0,0
BRDA:113,8,1,0
BRF:17
BRH:6
end_of_record
TN:
SF:src/components/Map/MarkerDrop.tsx
FN:11,MarkerDrop
FN:14,handleInfoWindow
FNF:2
FNH:1
FNDA:1,MarkerDrop
FNDA:0,handleInfoWindow
DA:12,1
DA:15,0
DA:16,0
DA:20,1
LF:4
LH:2
BRDA:15,0,0,0
BRDA:15,0,1,0
BRDA:31,1,0,1
BRDA:31,1,1,0
BRF:4
BRH:1
end_of_record
TN:
SF:src/components/Modal/Modal.tsx
FN:17,Modal
FN:54,(anonymous_1)
FNF:2
FNH:2
FNDA:30,Modal
FNDA:4,(anonymous_1)
DA:27,30
DA:54,4
LF:2
LH:2
BRDA:24,0,0,0
BRDA:25,1,0,0
BRDA:29,2,0,30
BRDA:29,2,1,0
BRF:4
BRH:1
end_of_record
TN:
SF:src/components/Modal/styles.ts
FNF:0
FNH:0
DA:4,5
DA:8,5
DA:12,5
LF:3
LH:3
BRF:0
BRH:0
end_of_record
TN:
SF:src/components/Stepper/Stepper.tsx
FN:8,Stepper
FN:11,(anonymous_1)
FNF:2
FNH:2
FNDA:27,Stepper
FNDA:81,(anonymous_1)
DA:9,27
DA:12,81
LF:2
LH:2
BRDA:28,0,0,53
BRDA:28,0,1,28
BRDA:29,1,0,27
BRDA:29,1,1,54
BRDA:31,2,0,53
BRDA:31,2,1,28
BRDA:42,3,0,53
BRDA:42,3,1,28
BRDA:42,4,0,81
BRDA:42,4,1,54
BRDA:59,5,0,26
BRDA:59,5,1,55
BRDA:61,6,0,28
BRDA:61,6,1,27
BRDA:70,7,0,26
BRDA:70,7,1,55
BRDA:74,8,0,27
BRDA:74,8,1,54
BRDA:75,9,0,27
BRDA:75,9,1,54
BRDA:86,10,0,27
BRDA:86,10,1,54
BRF:22
BRH:22
end_of_record
TN:
SF:src/components/Stepper/styled.ts
FNF:0
FNH:0
DA:3,4
DA:9,4
LF:2
LH:2
BRF:0
BRH:0
end_of_record
TN:
SF:src/components/Tab/Tabs.tsx
FN:9,Tab
FN:12,(anonymous_1)
FN:18,(anonymous_2)
FN:20,(anonymous_3)
FN:30,(anonymous_4)
FNF:5
FNH:4
FNDA:3,Tab
FNDA:1,(anonymous_1)
FNDA:9,(anonymous_2)
FNDA:0,(anonymous_3)
FNDA:9,(anonymous_4)
DA:10,3
DA:12,3
DA:13,1
DA:16,3
DA:19,9
DA:21,0
DA:30,1
DA:31,9
LF:8
LH:7
BRF:0
BRH:0
end_of_record
TN:
SF:src/components/Tab/styles.ts
FN:31,(anonymous_0)
FNF:1
FNH:1
FNDA:9,(anonymous_0)
DA:3,1
DA:9,1
DA:21,1
DA:32,9
LF:4
LH:4
BRDA:32,0,0,3
BRDA:32,0,1,6
BRF:2
BRH:2
end_of_record
TN:
SF:src/contexts/useId.tsx
FN:13,(anonymous_0)
FN:16,nextId
FN:35,(anonymous_2)
FNF:3
FNH:0
FNDA:0,(anonymous_0)
FNDA:0,nextId
FNDA:0,(anonymous_2)
DA:11,0
DA:13,0
DA:14,0
DA:17,0
DA:19,0
DA:21,0
DA:23,0
DA:35,0
DA:36,0
LF:9
LH:0
BRF:0
BRH:0
end_of_record
TN:
SF:src/domains/Contact/Edit/Edit.tsx
FN:8,EditContact
FNF:1
FNH:1
FNDA:5,EditContact
DA:9,5
DA:10,5
DA:12,5
DA:14,5
DA:15,1
DA:16,1
DA:17,1
DA:19,4
DA:20,3
DA:23,1
LF:10
LH:10
BRDA:14,0,0,1
BRDA:14,0,1,4
BRDA:19,1,0,3
BRDA:19,1,1,1
BRDA:19,2,0,4
BRDA:19,2,1,2
BRF:6
BRH:6
end_of_record
TN:
SF:src/domains/Contact/List/ContactsList.tsx
FN:19,ContactList
FN:24,handleFetch
FN:34,(anonymous_2)
FN:46,onFilter
FN:50,(anonymous_4)
FN:56,handleData
FN:60,handleNavigate
FN:64,(anonymous_7)
FN:82,(anonymous_8)
FNF:9
FNH:8
FNDA:21,ContactList
FNDA:2,handleFetch
FNDA:2,(anonymous_2)
FNDA:9,onFilter
FNDA:10,(anonymous_4)
FNDA:9,handleData
FNDA:0,handleNavigate
FNDA:9,(anonymous_7)
FNDA:110,(anonymous_8)
DA:20,21
DA:21,21
DA:22,21
DA:25,2
DA:27,2
DA:28,0
DA:30,2
DA:32,21
DA:34,2
DA:41,18
DA:47,9
DA:48,8
DA:50,1
DA:51,10
DA:53,1
DA:57,9
DA:61,0
DA:64,18
DA:65,9
DA:66,9
DA:67,9
DA:71,18
DA:83,110
LF:23
LH:21
BRDA:27,0,0,0
BRDA:27,0,1,2
BRDA:41,1,0,18
BRDA:41,1,1,17
BRDA:41,1,2,17
BRDA:41,1,3,1
BRDA:47,2,0,8
BRDA:47,2,1,1
BRDA:65,3,0,9
BRDA:65,3,1,0
BRDA:73,4,0,1
BRDA:73,4,1,17
BRDA:77,5,0,1
BRDA:77,5,1,1
BRF:14
BRH:12
end_of_record
TN:
SF:src/domains/Contact/List/IllustrationCard.tsx
FN:5,IllustrationCard
FNF:1
FNH:1
FNDA:1,IllustrationCard
DA:12,1
DA:13,0
DA:15,1
DA:21,1
DA:25,1
LF:5
LH:4
BRDA:12,0,0,0
BRDA:12,0,1,1
BRDA:12,1,0,1
BRDA:12,1,1,1
BRDA:15,2,0,0
BRDA:15,2,1,1
BRDA:21,3,0,0
BRDA:21,3,1,1
BRF:8
BRH:5
end_of_record
TN:
SF:src/domains/Contact/List/List.tsx
FN:10,List
FN:17,toggleAscendentName
FN:21,handleOnChange
FN:44,(anonymous_3)
FN:56,(anonymous_4)
FNF:5
FNH:5
FNDA:9,List
FNDA:2,toggleAscendentName
FNDA:1,handleOnChange
FNDA:1,(anonymous_3)
FNDA:2,(anonymous_4)
DA:11,9
DA:13,9
DA:14,9
DA:15,9
DA:18,2
DA:22,1
DA:25,9
DA:44,1
DA:56,2
LF:9
LH:9
BRDA:60,0,0,7
BRDA:60,0,1,2
BRF:2
BRH:2
end_of_record
TN:
SF:src/domains/Contact/New/New.tsx
FN:3,NewContact
FNF:1
FNH:1
FNDA:1,NewContact
DA:4,1
LF:1
LH:1
BRF:0
BRH:0
end_of_record
TN:
SF:src/domains/Contact/View/ContactAddrees.tsx
FN:5,ContactAddrees
FNF:1
FNH:1
FNDA:1,ContactAddrees
DA:6,1
LF:1
LH:1
BRDA:11,0,0,1
BRDA:11,0,1,0
BRDA:17,1,0,1
BRDA:17,1,1,0
BRDA:23,2,0,1
BRDA:23,2,1,0
BRDA:29,3,0,1
BRDA:29,3,1,0
BRDA:32,4,0,1
BRDA:32,4,1,1
BRDA:32,4,2,1
BRF:11
BRH:7
end_of_record
TN:
SF:src/domains/Contact/View/ContactCompany.tsx
FN:4,ContactCompany
FNF:1
FNH:0
FNDA:0,ContactCompany
DA:5,0
LF:1
LH:0
BRDA:9,0,0,0
BRDA:9,0,1,0
BRDA:14,1,0,0
BRDA:14,1,1,0
BRDA:19,2,0,0
BRDA:19,2,1,0
BRF:6
BRH:0
end_of_record
TN:
SF:src/domains/Contact/View/ContactData.tsx
FN:4,ContactData
FNF:1
FNH:1
FNDA:3,ContactData
DA:5,3
LF:1
LH:1
BRDA:9,0,0,3
BRDA:9,0,1,0
BRDA:13,1,0,3
BRDA:13,1,1,0
BRDA:17,2,0,3
BRDA:17,2,1,0
BRDA:21,3,0,3
BRDA:21,3,1,0
BRF:8
BRH:4
end_of_record
TN:
SF:src/domains/Contact/View/View.tsx
FN:20,ViewContact
FN:26,(anonymous_1)
FN:35,(anonymous_2)
FN:36,(anonymous_3)
FN:40,(anonymous_4)
FN:41,(anonymous_5)
FN:46,(anonymous_6)
FN:67,(anonymous_7)
FN:76,(anonymous_8)
FN:87,(anonymous_9)
FN:96,(anonymous_10)
FNF:11
FNH:8
FNDA:8,ViewContact
FNDA:1,(anonymous_1)
FNDA:1,(anonymous_2)
FNDA:1,(anonymous_3)
FNDA:1,(anonymous_4)
FNDA:10,(anonymous_5)
FNDA:0,(anonymous_6)
FNDA:0,(anonymous_7)
FNDA:1,(anonymous_8)
FNDA:0,(anonymous_9)
FNDA:1,(anonymous_10)
DA:21,8
DA:22,8
DA:24,8
DA:26,8
DA:27,1
DA:30,8
DA:31,8
DA:32,8
DA:34,8
DA:35,1
DA:37,1
DA:38,1
DA:41,10
DA:44,1
DA:46,0
DA:48,8
DA:49,1
DA:50,1
DA:51,1
DA:54,7
DA:59,7
DA:67,0
DA:76,1
DA:79,7
DA:87,0
DA:96,1
LF:26
LH:23
BRDA:41,0,0,1
BRDA:41,0,1,0
BRDA:48,1,0,1
BRDA:48,1,1,7
BRDA:81,2,0,3
BRDA:81,2,1,4
BRDA:81,3,0,7
BRDA:81,3,1,5
BRF:8
BRH:7
end_of_record
TN:
SF:src/domains/Map/View/View.tsx
FN:7,MapView
FN:9,handleFetch
FN:19,(anonymous_2)
FNF:3
FNH:3
FNDA:1,MapView
FNDA:1,handleFetch
FNDA:1,(anonymous_2)
DA:8,1
DA:10,1
DA:12,1
DA:13,1
DA:15,0
DA:17,1
DA:19,1
DA:25,0
LF:8
LH:6
BRDA:12,0,0,1
BRDA:12,0,1,0
BRDA:27,1,0,0
BRDA:27,1,1,0
BRF:4
BRH:1
end_of_record
TN:
SF:src/hooks/useContact.tsx
FN:6,useContact
FN:14,(anonymous_1)
FN:21,(anonymous_2)
FNF:3
FNH:3
FNDA:13,useContact
FNDA:3,(anonymous_1)
FNDA:45,(anonymous_2)
DA:7,13
DA:8,13
DA:10,13
DA:12,13
DA:14,3
DA:20,13
DA:21,45
DA:24,13
DA:25,2
DA:27,13
LF:10
LH:10
BRDA:15,0,0,13
BRDA:15,0,1,13
BRDA:20,1,0,13
BRDA:20,1,1,7
BRDA:24,2,0,2
BRDA:24,2,1,11
BRDA:24,3,0,13
BRDA:24,3,1,8
BRDA:24,3,2,4
BRF:9
BRH:9
end_of_record
TN:
SF:src/hooks/useDebounce.ts
FN:3,useDebounce
FN:6,debounceFn
FN:8,(anonymous_2)
FNF:3
FNH:3
FNDA:120,useDebounce
FNDA:9,debounceFn
FNDA:9,(anonymous_2)
DA:4,120
DA:7,9
DA:8,9
DA:11,120
LF:4
LH:4
BRF:0
BRH:0
end_of_record
TN:
SF:src/schemas/contact.ts
FNF:0
FNH:0
DA:3,4
LF:1
LH:1
BRF:0
BRH:0
end_of_record
TN:
SF:src/services/mutations/createContact.ts
FN:4,createContact
FNF:1
FNH:1
FNDA:2,createContact
DA:7,2
DA:9,2
DA:10,2
DA:11,1
DA:13,2
DA:14,2
DA:16,2
DA:18,2
LF:8
LH:8
BRDA:10,0,0,1
BRDA:10,0,1,1
BRF:2
BRH:2
end_of_record
TN:
SF:src/services/mutations/deleteContact.ts
FN:3,deleteContact
FNF:1
FNH:1
FNDA:1,deleteContact
DA:4,1
DA:6,1
LF:2
LH:2
BRF:0
BRH:0
end_of_record
TN:
SF:src/services/mutations/editContact.ts
FN:4,editContact
FNF:1
FNH:1
FNDA:1,editContact
DA:5,1
DA:7,1
LF:2
LH:2
BRF:0
BRH:0
end_of_record
TN:
SF:src/services/queries/fetchContacts.ts
FN:5,fetchContacts
FN:10,(anonymous_1)
FNF:2
FNH:2
FNDA:5,fetchContacts
FNDA:5,(anonymous_1)
DA:6,5
DA:8,5
DA:10,5
LF:3
LH:3
BRF:0
BRH:0
end_of_record
TN:
SF:src/types/contact.ts
FNF:0
FNH:0
LF:0
LH:0
BRF:0
BRH:0
end_of_record
TN:
SF:src/utils/fakePromise.ts
FN:1,fakePromise
FN:2,(anonymous_1)
FNF:2
FNH:2
FNDA:9,fakePromise
FNDA:9,(anonymous_1)
DA:2,9
DA:3,9
LF:2
LH:2
BRDA:1,0,0,9
BRF:1
BRH:1
end_of_record
TN:
SF:src/utils/notification.ts
FN:3,notification
FNF:1
FNH:1
FNDA:6,notification
DA:7,6
LF:1
LH:1
BRF:0
BRH:0
end_of_record
TN:
SF:src/utils/handles/sortArrayByKey.ts
FN:1,sortArrayByKey
FN:14,(anonymous_1)
FNF:2
FNH:2
FNDA:11,sortArrayByKey
FNDA:201,(anonymous_1)
DA:10,11
DA:12,11
DA:14,11
DA:15,201
DA:16,91
DA:18,110
DA:19,107
DA:21,3
LF:8
LH:8
BRDA:4,0,0,1
BRDA:12,1,0,8
BRDA:12,1,1,3
BRDA:15,2,0,91
BRDA:15,2,1,110
BRDA:18,3,0,107
BRDA:18,3,1,3
BRF:7
BRH:7
end_of_record
TN:
SF:src/utils/tests/TestProviders.tsx
FN:10,TestProviders
FNF:1
FNH:1
FNDA:23,TestProviders
DA:8,11
DA:11,23
LF:2
LH:2
BRF:0
BRH:0
end_of_record
